<?xml version="1.0" encoding="UTF-8"?>
<!-- Generated by org.testng.reporters.JUnitReportReporter -->
<testsuite hostname="PC-PC" failures="0" tests="5" name="testCases.TestRunner" time="137.387" errors="0" timestamp="2024-11-27T16:55:09 IST" skipped="0">
  <testcase classname="testCases.TestRunner" name="homePage" time="1.268"/>
  <system-out/>
  <testcase classname="testCases.TestRunner" name="sliderBarvalue" time="56.501"/>
  <system-out/>
  <testcase classname="testCases.TestRunner" name="inputFieldValue" time="35.201"/>
  <system-out/>
  <testcase classname="testCases.TestRunner" name="getCheckBoxes" time="0.823"/>
  <system-out/>
  <testcase classname="testCases.TestRunner" name="validateRecurringReimbursement" time="43.594"/>
  <system-out/>
</testsuite> <!-- testCases.TestRunner -->
