<?xml version="1.0" encoding="UTF-8"?>
<!-- Generated by org.testng.reporters.JUnitReportReporter -->
<testsuite hostname="PC-PC" failures="0" tests="6" name="basic.Task" time="100.660" errors="0" timestamp="2024-11-26T22:36:17 IST" skipped="1">
  <testcase classname="basic.Task" name="openURL" time="7.648"/>
  <system-out/>
  <testcase classname="basic.Task" name="navigateRevenueCalculatorPage" time="1.078"/>
  <system-out/>
  <testcase classname="basic.Task" name="method820" time="63.547"/>
  <system-out/>
  <testcase classname="basic.Task" name="selectCPTCode" time="0.616"/>
  <system-out/>
  <testcase classname="basic.Task" name="totalRecurringReimbursement" time="27.771"/>
  <system-out/>
  <testcase classname="basic.Task" name="adjustSlider">
    <skipped/>
  </testcase> <!-- adjustSlider -->
  <system-out/>
</testsuite> <!-- basic.Task -->
